Arguments: 
  /usr/local/bin/node /usr/local/bin/yarn add node-fetch

PATH: 
  /usr/local/bin:/usr/bin:/bin:/usr/sbin:/sbin:/Library/TeX/texbin:/Users/korawit/Library/Android/sdk/tools:/Users/korawit/Library/Android/sdk/platform-tools:/Users/korawit/Library/Android/sdk/tools:/Users/korawit/Library/Android/sdk/platform-tools

Yarn version: 
  1.3.2

Node version: 
  8.6.0

Platform: 
  darwin x64

npm manifest: 
  {
    "name": "instafetch",
    "version": "1.0.0",
    "main": "app.js",
    "license": "MIT",
    "dependencies": {}
  }

yarn manifest: 
  No manifest

Lockfile: 
  # THIS IS AN AUTOGENERATED FILE. DO NOT EDIT THIS FILE DIRECTLY.
  # yarn lockfile v1

Trace: 
  Error: https://registry.yarnpkg.com/node-fetch: ETIMEDOUT
      at Timeout._onTimeout (/usr/local/lib/node_modules/yarn/lib/cli.js:123749:19)
      at ontimeout (timers.js:469:11)
      at tryOnTimeout (timers.js:304:5)
      at Timer.listOnTimeout (timers.js:264:5)
